INFO:notifications.models: Send follow request push message for id = 1, follower = 1 (2017-01-13 07:34:29; models.py:39)
INFO:notifications.models: Send push message: type=0, user=1, text=@admin started following you., payload={'userId': 1} (2017-01-13 07:35:51; models.py:203)
INFO:notifications.models: Send push message: type=0, user=1, text=@admin started following you., payload={'userId': 1} (2017-01-13 07:36:02; models.py:203)
INFO:notifications.models: Send push message: type=0, user=1, text=@admin started following you., payload={'userId': 1} (2017-01-13 07:49:38; models.py:203)
INFO:notifications.models: Send push message: type=0, user=1, text=@admin started following you., payload={'parentId': 2, 'commentId': 1, 'postId': 1, 'userId': 1} (2017-01-13 07:50:25; models.py:203)
INFO:smsconfirmation.views: {'reference': 'A:155edefs-1s1d-4e14-864e-4e9451a21bd6_D8d6DQyicUW3fOK98GuQ0w', 'message': 'Invalid authorization key: 155edefs-1s1d-4e14-864e-4e9451a21bd6', 'errorCode': 40107} (2017-01-13 07:51:52; views.py:188)
INFO:smsconfirmation.views: {'reference': 'A:155edefs-1s1d-4e14-864e-4e9451a21bd6_oUUPbCshc0G1IFGpnZcOyw', 'message': 'Invalid authorization key: 155edefs-1s1d-4e14-864e-4e9451a21bd6', 'errorCode': 40107} (2017-01-13 07:52:14; views.py:188)
INFO:smsconfirmation.views: {'reference': 'A:155edefs-1s1d-4e14-864e-4e9451a21bd6_AE4GwRDyakuyCCiLbyNjcg', 'message': 'Invalid authorization key: 155edefs-1s1d-4e14-864e-4e9451a21bd6', 'errorCode': 40107} (2017-01-13 07:54:08; views.py:188)
INFO:smsconfirmation.views: {'reference': 'A:155edefs-1s1d-4e14-864e-4e9451a21bd6_BBbuClXP1kGUcmH13Zkt7Q', 'message': 'Invalid authorization key: 155edefs-1s1d-4e14-864e-4e9451a21bd6', 'errorCode': 40107} (2017-01-13 07:54:15; views.py:188)
INFO:smsconfirmation.views: {'reference': 'A:155edefs-1s1d-4e14-864e-4e9451a21bd6_Dls+lRSb7ki18JhHEMA/Ng', 'message': 'Invalid authorization key: 155edefs-1s1d-4e14-864e-4e9451a21bd6', 'errorCode': 40107} (2017-01-13 07:54:18; views.py:188)
INFO:smsconfirmation.views: {'reference': 'A:155edefs-1s1d-4e14-864e-4e9451a21bd6_TvSQDHlBukOUiFOg/foFfA', 'message': 'Invalid authorization key: 155edefs-1s1d-4e14-864e-4e9451a21bd6', 'errorCode': 40107} (2017-01-13 07:54:18; views.py:188)
INFO:smsconfirmation.views: {'reference': 'A:155edefs-1s1d-4e14-864e-4e9451a21bd6_n+pc5j5vjEChyv/5Qp2PEg', 'message': 'Invalid authorization key: 155edefs-1s1d-4e14-864e-4e9451a21bd6', 'errorCode': 40107} (2017-01-13 07:54:19; views.py:188)
INFO:smsconfirmation.views: {'reference': 'A:155edefs-1s1d-4e14-864e-4e9451a21bd6_OcMPI+xbzkWFsPhs1se7vQ', 'message': 'Invalid authorization key: 155edefs-1s1d-4e14-864e-4e9451a21bd6', 'errorCode': 40107} (2017-01-13 07:54:19; views.py:188)
INFO:smsconfirmation.views: {'reference': 'A:155edefs-1s1d-4e14-864e-4e9451a21bd6_rBWOhBt/xUKjRASAnGq/Ww', 'message': 'Invalid authorization key: 155edefs-1s1d-4e14-864e-4e9451a21bd6', 'errorCode': 40107} (2017-01-13 07:54:19; views.py:188)
INFO:smsconfirmation.views: {'reference': 'A:155edefs-1s1d-4e14-864e-4e9451a21bd6_YvJdQ5TkcUCiFo/3JVdLHw', 'message': 'Invalid authorization key: 155edefs-1s1d-4e14-864e-4e9451a21bd6', 'errorCode': 40107} (2017-01-13 07:54:19; views.py:188)
INFO:smsconfirmation.views: {'reference': 'A:155edefs-1s1d-4e14-864e-4e9451a21bd6_ULxX59u//0i8o1HshFxH5A', 'message': 'Invalid authorization key: 155edefs-1s1d-4e14-864e-4e9451a21bd6', 'errorCode': 40107} (2017-01-13 07:54:20; views.py:188)
INFO:smsconfirmation.views: {'reference': 'A:155edefs-1s1d-4e14-864e-4e9451a21bd6_FR7wf71QFUmsSyo6sAjXJw', 'message': 'Invalid authorization key: 155edefs-1s1d-4e14-864e-4e9451a21bd6', 'errorCode': 40107} (2017-01-13 07:54:21; views.py:188)
INFO:smsconfirmation.views: {'reference': 'A:155edefs-1s1d-4e14-864e-4e9451a21bd6_yxydtif+9UGSQoYxn/wCUQ', 'message': 'Invalid authorization key: 155edefs-1s1d-4e14-864e-4e9451a21bd6', 'errorCode': 40107} (2017-01-13 07:54:21; views.py:188)
INFO:smsconfirmation.models: Confirmation code is expired 17 (2017-01-13 08:15:34; models.py:67)
INFO:smsconfirmation.models: Confirmation code is expired 17 (2017-01-13 08:15:38; models.py:67)
INFO:smsconfirmation.models: Confirmation code is expired 17 (2017-01-13 08:15:38; models.py:67)
INFO:smsconfirmation.models: Confirmation code is expired 17 (2017-01-13 08:15:39; models.py:67)
INFO:smsconfirmation.models: Confirmation code is expired 17 (2017-01-13 08:15:39; models.py:67)
INFO:smsconfirmation.models: Confirmation code is expired 17 (2017-01-13 08:15:40; models.py:67)
INFO:smsconfirmation.models: Confirmation code is expired 17 (2017-01-13 08:15:40; models.py:67)
INFO:smsconfirmation.models: Confirmation code is expired 17 (2017-01-13 08:15:42; models.py:67)
INFO:smsconfirmation.models: Confirmation code is expired 17 (2017-01-13 08:15:43; models.py:67)
INFO:smsconfirmation.models: Confirmation code is expired 17 (2017-01-13 08:15:43; models.py:67)
INFO:smsconfirmation.models: Confirmation code is expired 17 (2017-01-13 08:15:43; models.py:67)
INFO:smsconfirmation.models: Confirmation code is expired 17 (2017-01-13 08:15:43; models.py:67)
INFO:smsconfirmation.models: Confirmation code is expired 17 (2017-01-13 08:15:44; models.py:67)
INFO:notifications.models: Create following notification 4 4 (2017-01-13 08:18:07; models.py:293)
INFO:notifications.models: Send push message: type=0, user=4, text=@admin started following you., payload={'userId': 4} (2017-01-13 08:18:07; models.py:203)
INFO:notifications.models: Send follow request push message for id = 4, follower = 4 (2017-01-13 08:18:56; models.py:39)
INFO:notifications.models: Send push message: type=0, user=4, text=@admin started following you., payload={'userId': 4} (2017-01-13 08:19:13; models.py:203)
INFO:smsconfirmation.views: {'errorCode': 40107, 'message': 'Invalid authorization key: 155edefs-1s1d-4e14-864e-4e9451a21bd6', 'reference': 'A:155edefs-1s1d-4e14-864e-4e9451a21bd6_S++U5JE67EG6zCZUrUj2kg'} (2017-01-13 08:23:16; views.py:188)
INFO:smsconfirmation.views: {'errorCode': 40107, 'message': 'Invalid authorization key: 155edefs-1s1d-4e14-864e-4e9451a21bd6', 'reference': 'A:155edefs-1s1d-4e14-864e-4e9451a21bd6_SDRoiTp9kk6Z2Ax4b5yXKQ'} (2017-01-13 08:23:50; views.py:188)
INFO:smsconfirmation.views: {'errorCode': 40107, 'message': 'Invalid authorization key: 155edefs-1s1d-4e14-864e-4e9451a21bd6', 'reference': 'A:155edefs-1s1d-4e14-864e-4e9451a21bd6_wS7mneiasUGQRzbzJ5tRAw'} (2017-01-13 08:24:01; views.py:188)
INFO:smsconfirmation.views: {'errorCode': 40107, 'message': 'Invalid authorization key: 155edefs-1s1d-4e14-864e-4e9451a21bd6', 'reference': 'A:155edefs-1s1d-4e14-864e-4e9451a21bd6_up4NsibXT0KoRlJvi8GwbA'} (2017-01-13 08:54:20; views.py:188)
INFO:smsconfirmation.views: {'errorCode': 40003, 'reference': 'A:ac06a88f-f5c2-4a2e-bb72-635cf2c0ab51_+5/PoP5Gj0GOaHpEagV/1w', 'message': 'Invalid identity or code.'} (2017-01-13 08:58:07; views.py:188)
INFO:smsconfirmation.views: {'errorCode': 40003, 'reference': 'A:ac06a88f-f5c2-4a2e-bb72-635cf2c0ab51_nZoRFJufVUetMsmlC44UjQ', 'message': 'Invalid identity or code.'} (2017-01-13 08:58:11; views.py:188)
INFO:smsconfirmation.views: {'errorCode': 40003, 'reference': 'A:ac06a88f-f5c2-4a2e-bb72-635cf2c0ab51_ZqdyNhAir0e3cQqagjRbUg', 'message': 'Invalid identity or code.'} (2017-01-13 08:58:11; views.py:188)
INFO:smsconfirmation.views: {'errorCode': 40003, 'reference': 'A:ac06a88f-f5c2-4a2e-bb72-635cf2c0ab51_0WJG5GBxREiEApBY9msDug', 'message': 'Invalid identity or code.'} (2017-01-13 08:58:13; views.py:188)
INFO:smsconfirmation.views: {'errorCode': 40003, 'reference': 'A:ac06a88f-f5c2-4a2e-bb72-635cf2c0ab51_pSYlTKxS2kOUvLjw4q0IGg', 'message': 'Invalid identity or code.'} (2017-01-13 08:58:14; views.py:188)
INFO:smsconfirmation.views: {'errorCode': 40003, 'reference': 'A:ac06a88f-f5c2-4a2e-bb72-635cf2c0ab51_5GHFTnkBjU+o0McSW8wpGw', 'message': 'Invalid identity or code.'} (2017-01-13 08:58:30; views.py:188)
INFO:smsconfirmation.views: {'errorCode': 40003, 'reference': 'A:ac06a88f-f5c2-4a2e-bb72-635cf2c0ab51_F4w83o3Svk2ZcH9/y5TnBw', 'message': 'Invalid identity or code.'} (2017-01-13 09:00:31; views.py:188)
INFO:smsconfirmation.views: {'errorCode': 40003, 'reference': 'A:ac06a88f-f5c2-4a2e-bb72-635cf2c0ab51_6c/HI9JfI0mLKF9Jed9/GQ', 'message': 'Invalid identity or code.'} (2017-01-13 09:00:58; views.py:188)
INFO:notifications.models: Send push message: type=0, user=4, text=@admin started following you., payload={'userId': 4} (2017-01-13 09:03:43; models.py:203)
INFO:smsconfirmation.views: {'errorCode': 40003, 'reference': 'A:ac06a88f-f5c2-4a2e-bb72-635cf2c0ab51_Pe4273AIS0eJDEFWXJdC/A', 'message': 'Invalid identity or code.'} (2017-01-13 09:04:09; views.py:188)
INFO:smsconfirmation.views: {'errorCode': 40003, 'reference': 'A:ac06a88f-f5c2-4a2e-bb72-635cf2c0ab51_nt0jj245FUiKH7oBgt1+ZA', 'message': 'Invalid identity or code.'} (2017-01-13 09:04:23; views.py:188)
INFO:smsconfirmation.views: {'errorCode': 40003, 'reference': 'A:ac06a88f-f5c2-4a2e-bb72-635cf2c0ab51_HrnQcA25I02jIcKSCi6qLQ', 'message': 'Invalid identity or code.'} (2017-01-13 09:05:18; views.py:188)
INFO:smsconfirmation.views: {'errorCode': 40003, 'reference': 'A:ac06a88f-f5c2-4a2e-bb72-635cf2c0ab51_rjaVYCpXBkeRLab0X4nv3A', 'message': 'Invalid identity or code.'} (2017-01-13 09:06:16; views.py:188)
INFO:smsconfirmation.views: {'reference': 'A:9da10921-3481-4c01-9359-0a3891fd0d7d_uqGqJmf68kqRTRFwbqeG7w', 'errorCode': 40003, 'message': 'Invalid identity or code.'} (2017-01-13 09:08:25; views.py:188)
INFO:smsconfirmation.views: {'reference': 'A:9da10921-3481-4c01-9359-0a3891fd0d7d_p9lPqYCYh0SIA6iIsqltpg', 'errorCode': 40003, 'message': 'Invalid identity or code.'} (2017-01-13 09:12:51; views.py:188)
INFO:smsconfirmation.views: {'reference': 'A:9da10921-3481-4c01-9359-0a3891fd0d7d_CTxJ0/n/e0yywlmFoKp7gA', 'message': 'Invalid identity or code.', 'errorCode': 40003} (2017-01-13 09:22:44; views.py:188)
INFO:smsconfirmation.views: {'reference': 'A:9da10921-3481-4c01-9359-0a3891fd0d7d_y7rrlnnJw0KvfkLJaNDGfw', 'message': 'Invalid identity or code.', 'errorCode': 40003} (2017-01-13 09:23:00; views.py:188)
INFO:smsconfirmation.views: {'reference': 'A:9da10921-3481-4c01-9359-0a3891fd0d7d_iOfj7pGIIUyDlH+z8Dpdjg', 'message': 'Invalid identity or code.', 'errorCode': 40003} (2017-01-13 09:24:37; views.py:188)
INFO:smsconfirmation.views: {'reference': 'A:9da10921-3481-4c01-9359-0a3891fd0d7d_nr7XXBu6VkC8wpQUTXhtvA', 'message': 'Invalid identity or code.', 'errorCode': 40003} (2017-01-13 09:25:06; views.py:188)
INFO:smsconfirmation.views: {'reference': 'A:9da10921-3481-4c01-9359-0a3891fd0d7d_LpGn0UXwsEmzO0mgCQnc8Q', 'message': 'Invalid identity or code.', 'errorCode': 40003} (2017-01-13 09:25:52; views.py:188)
INFO:smsconfirmation.views: {'reference': 'A:9da10921-3481-4c01-9359-0a3891fd0d7d_JUgea0HsnEKvujecIWpOmw', 'message': 'Invalid identity or code.', 'errorCode': 40003} (2017-01-13 09:26:11; views.py:188)
INFO:smsconfirmation.views: {'reference': 'A:9da10921-3481-4c01-9359-0a3891fd0d7d_k5S5VAHlzEiSRHFkjZ0XcQ', 'message': 'Invalid identity or code.', 'errorCode': 40003} (2017-01-13 09:26:43; views.py:188)
INFO:smsconfirmation.views: {'reference': 'A:9da10921-3481-4c01-9359-0a3891fd0d7d_NV9IT7FREkqaidDay4GZDQ', 'message': 'Invalid identity or code.', 'errorCode': 40003} (2017-01-13 09:26:46; views.py:188)
INFO:smsconfirmation.views: {'message': 'Invalid authorization key: 155edefs-1s1d-4e14-864e-4e9451a21bd6', 'reference': 'A:155edefs-1s1d-4e14-864e-4e9451a21bd6_E7l2e9J2WkStEqATbTMliw', 'errorCode': 40107} (2017-01-13 09:27:31; views.py:188)
INFO:smsconfirmation.views: {'errorCode': 40003, 'message': 'Invalid identity or code.', 'reference': 'A:155edefb-991d-4e14-864e-4e9451a21bd6_XJRZVgjou0GwQGP4E+xA0Q'} (2017-01-13 09:54:10; views.py:188)
INFO:smsconfirmation.views: {'errorCode': 40003, 'message': 'Invalid identity or code.', 'reference': 'A:155edefb-991d-4e14-864e-4e9451a21bd6_eCpMhW2xpU2ttq60gdG3wQ'} (2017-01-13 09:55:57; views.py:188)
INFO:smsconfirmation.views: {'errorCode': 40003, 'message': 'Invalid identity or code.', 'reference': 'A:155edefb-991d-4e14-864e-4e9451a21bd6_/7f8fWYubk2PESmIHb+pgA'} (2017-01-13 10:10:29; views.py:188)
INFO:smsconfirmation.views: {'errorCode': 40003, 'message': 'Invalid identity or code.', 'reference': 'A:155edefb-991d-4e14-864e-4e9451a21bd6_RaF2ib6la0y64QvO4JYZvw'} (2017-01-13 10:11:01; views.py:188)
INFO:smsconfirmation.views: {'message': 'Invalid identity or code.', 'errorCode': 40003, 'reference': 'A:155edefb-991d-4e14-864e-4e9451a21bd6_PA1psG9t6UuHQvhbWVe/CA'} (2017-01-13 10:21:55; views.py:188)
INFO:notifications.models: Send follow request push message for id = 2, follower = 1 (2017-01-15 16:08:39; models.py:39)
INFO:notifications.models: Create following notification 1 2 (2017-01-15 18:49:52; models.py:293)
INFO:notifications.models: Send push message: type=0, user=2, text=@admin started following you., payload={'userId': 1} (2017-01-15 18:49:52; models.py:203)
INFO:notifications.models: Send follow request push message for id = 2, follower = 2 (2017-01-15 19:15:26; models.py:39)
INFO:notifications.models: Send push message: type=8, user=2, text=@admin shared a tag., payload={'tagId': '{pk}', 'userId': 1} (2017-01-15 19:25:31; models.py:203)
INFO:notifications.models: Send push message: type=0, user=2, text=@admin started following you., payload={'userId': 1} (2017-01-15 19:25:31; models.py:203)
INFO:notifications.models: Send push message: type=8, user=2, text=@admin shared a tag., payload={'tagId': '{pk}', 'userId': 1} (2017-01-15 19:25:31; models.py:203)
INFO:notifications.models: Send push message: type=8, user=2, text=@admin shared a tag., payload={'tagId': '{pk}', 'userId': 1} (2017-01-15 19:25:31; models.py:203)
INFO:notifications.models: Send push message: type=5, user=2, text=Upvoted Blast ending soon., payload={'commentId': 1, 'userId': 1, 'postId': 1, 'parentId': 1} (2017-01-15 19:25:31; models.py:203)
INFO:posts.tasks: Got ready for removal posts: [{'post_id': 1, 'user_id': 1}] (2017-01-16 10:00:27; tasks.py:102)
INFO:posts.tasks: Got own_user_ids: {1} (2017-01-16 10:00:27; tasks.py:108)
INFO:posts.tasks: Got pinned_posts [{'post_id': 1, 'user_id': 1}, {'post_id': 1, 'user_id': 1}, {'post_id': 1, 'user_id': 1}] (2017-01-16 10:00:27; tasks.py:113)
INFO:posts.tasks: Filtered pinned_posts is [] (2017-01-16 10:00:27; tasks.py:129)
INFO:posts.tasks: Got votes [{'post_id': 1, 'user_id': 1, 'is_positive': True}, {'post_id': 1, 'user_id': 2, 'is_positive': True}] (2017-01-16 10:00:27; tasks.py:136)
INFO:posts.tasks: Got post voters: [2] (2017-01-16 10:00:27; tasks.py:169)
INFO:posts.tasks: Got post downvoters: [] (2017-01-16 10:00:27; tasks.py:171)
INFO:posts.tasks: _get_post_for_users_push_list result is {'pinned': {}, 'downvote': {}, 'owner': {1: {1}}, 'upvote': {1: {2}}} (2017-01-16 10:00:27; tasks.py:189)
INFO:posts.tasks: Sending expired PUSH to {'pinned': {}, 'downvote': {}, 'owner': {1: {1}}, 'upvote': {1: {2}}} (2017-01-16 10:00:27; tasks.py:207)
INFO:posts.tasks: Sending expired push owner 1 {1} (2017-01-16 10:00:27; tasks.py:213)
INFO:posts.tasks: Ending soon PUSH message candidates 1: {1} (2017-01-16 10:00:27; tasks.py:43)
INFO:posts.tasks: Send ending soon PUSH message to 1: [1] (2017-01-16 10:00:27; tasks.py:46)
INFO:posts.tasks: Creating notifications for 1, [1], notify_type is 3 (2017-01-16 10:00:27; tasks.py:74)
INFO:posts.tasks: Created notifications for 1, [1] (2017-01-16 10:00:27; tasks.py:81)
INFO:posts.tasks: Set up ending soon markers for 1 [1] (2017-01-16 10:00:27; tasks.py:85)
INFO:posts.tasks: Sending expired push upvote 1 {2} (2017-01-16 10:00:27; tasks.py:213)
INFO:posts.tasks: Ending soon PUSH message candidates 1: {2} (2017-01-16 10:00:27; tasks.py:43)
INFO:posts.tasks: Send ending soon PUSH message to 1: [2] (2017-01-16 10:00:27; tasks.py:46)
INFO:posts.tasks: Creating notifications for 1, [2], notify_type is 5 (2017-01-16 10:00:27; tasks.py:74)
INFO:posts.tasks: Created notifications for 1, [2] (2017-01-16 10:00:27; tasks.py:81)
INFO:posts.tasks: Set up ending soon markers for 1 [2] (2017-01-16 10:00:27; tasks.py:85)
INFO:posts.tasks: Got ready for removal posts: [{'post_id': 1, 'user_id': 1}] (2017-01-16 10:01:27; tasks.py:102)
INFO:posts.tasks: Got own_user_ids: {1} (2017-01-16 10:01:27; tasks.py:108)
INFO:posts.tasks: Got pinned_posts [{'post_id': 1, 'user_id': 1}, {'post_id': 1, 'user_id': 1}, {'post_id': 1, 'user_id': 1}] (2017-01-16 10:01:27; tasks.py:113)
INFO:posts.tasks: Filtered pinned_posts is [] (2017-01-16 10:01:27; tasks.py:129)
INFO:posts.tasks: Got votes [{'post_id': 1, 'user_id': 1, 'is_positive': True}, {'post_id': 1, 'user_id': 2, 'is_positive': True}] (2017-01-16 10:01:27; tasks.py:136)
INFO:posts.tasks: Got post voters: [2] (2017-01-16 10:01:27; tasks.py:169)
INFO:posts.tasks: Got post downvoters: [] (2017-01-16 10:01:27; tasks.py:171)
INFO:posts.tasks: _get_post_for_users_push_list result is {'pinned': {}, 'downvote': {}, 'owner': {1: {1}}, 'upvote': {1: {2}}} (2017-01-16 10:01:27; tasks.py:189)
INFO:posts.tasks: Sending expired PUSH to {'pinned': {}, 'downvote': {}, 'owner': {1: {1}}, 'upvote': {1: {2}}} (2017-01-16 10:01:27; tasks.py:207)
INFO:posts.tasks: Sending expired push owner 1 {1} (2017-01-16 10:01:27; tasks.py:213)
INFO:posts.tasks: Ending soon PUSH message candidates 1: {1} (2017-01-16 10:01:27; tasks.py:43)
INFO:posts.tasks: Send ending soon PUSH message to 1: [] (2017-01-16 10:01:27; tasks.py:46)
INFO:posts.tasks: Creating notifications for 1, [], notify_type is 3 (2017-01-16 10:01:27; tasks.py:74)
INFO:posts.tasks: Created notifications for 1, [] (2017-01-16 10:01:27; tasks.py:81)
INFO:posts.tasks: Set up ending soon markers for 1 [] (2017-01-16 10:01:27; tasks.py:85)
INFO:posts.tasks: Sending expired push upvote 1 {2} (2017-01-16 10:01:27; tasks.py:213)
INFO:posts.tasks: Ending soon PUSH message candidates 1: {2} (2017-01-16 10:01:27; tasks.py:43)
INFO:posts.tasks: Send ending soon PUSH message to 1: [] (2017-01-16 10:01:27; tasks.py:46)
INFO:posts.tasks: Creating notifications for 1, [], notify_type is 5 (2017-01-16 10:01:27; tasks.py:74)
INFO:posts.tasks: Created notifications for 1, [] (2017-01-16 10:01:27; tasks.py:81)
INFO:posts.tasks: Set up ending soon markers for 1 [] (2017-01-16 10:01:27; tasks.py:85)
INFO:posts.tasks: Got ready for removal posts: [{'post_id': 1, 'user_id': 1}] (2017-01-16 10:02:27; tasks.py:102)
INFO:posts.tasks: Got own_user_ids: {1} (2017-01-16 10:02:27; tasks.py:108)
INFO:posts.tasks: Got pinned_posts [{'post_id': 1, 'user_id': 1}, {'post_id': 1, 'user_id': 1}, {'post_id': 1, 'user_id': 1}] (2017-01-16 10:02:27; tasks.py:113)
INFO:posts.tasks: Filtered pinned_posts is [] (2017-01-16 10:02:27; tasks.py:129)
INFO:posts.tasks: Got votes [{'post_id': 1, 'user_id': 1, 'is_positive': True}, {'post_id': 1, 'user_id': 2, 'is_positive': True}] (2017-01-16 10:02:27; tasks.py:136)
INFO:posts.tasks: Got post voters: [2] (2017-01-16 10:02:27; tasks.py:169)
INFO:posts.tasks: Got post downvoters: [] (2017-01-16 10:02:27; tasks.py:171)
INFO:posts.tasks: _get_post_for_users_push_list result is {'pinned': {}, 'downvote': {}, 'owner': {1: {1}}, 'upvote': {1: {2}}} (2017-01-16 10:02:27; tasks.py:189)
INFO:posts.tasks: Sending expired PUSH to {'pinned': {}, 'downvote': {}, 'owner': {1: {1}}, 'upvote': {1: {2}}} (2017-01-16 10:02:27; tasks.py:207)
INFO:posts.tasks: Sending expired push owner 1 {1} (2017-01-16 10:02:27; tasks.py:213)
INFO:posts.tasks: Ending soon PUSH message candidates 1: {1} (2017-01-16 10:02:27; tasks.py:43)
INFO:posts.tasks: Send ending soon PUSH message to 1: [] (2017-01-16 10:02:27; tasks.py:46)
INFO:posts.tasks: Creating notifications for 1, [], notify_type is 3 (2017-01-16 10:02:27; tasks.py:74)
INFO:posts.tasks: Created notifications for 1, [] (2017-01-16 10:02:27; tasks.py:81)
INFO:posts.tasks: Set up ending soon markers for 1 [] (2017-01-16 10:02:27; tasks.py:85)
INFO:posts.tasks: Sending expired push upvote 1 {2} (2017-01-16 10:02:27; tasks.py:213)
INFO:posts.tasks: Ending soon PUSH message candidates 1: {2} (2017-01-16 10:02:27; tasks.py:43)
INFO:posts.tasks: Send ending soon PUSH message to 1: [] (2017-01-16 10:02:27; tasks.py:46)
INFO:posts.tasks: Creating notifications for 1, [], notify_type is 5 (2017-01-16 10:02:27; tasks.py:74)
INFO:posts.tasks: Created notifications for 1, [] (2017-01-16 10:02:27; tasks.py:81)
INFO:posts.tasks: Set up ending soon markers for 1 [] (2017-01-16 10:02:27; tasks.py:85)
INFO:posts.tasks: Got ready for removal posts: [{'post_id': 1, 'user_id': 1}] (2017-01-16 10:03:27; tasks.py:102)
INFO:posts.tasks: Got own_user_ids: {1} (2017-01-16 10:03:27; tasks.py:108)
INFO:posts.tasks: Got pinned_posts [{'post_id': 1, 'user_id': 1}, {'post_id': 1, 'user_id': 1}, {'post_id': 1, 'user_id': 1}] (2017-01-16 10:03:27; tasks.py:113)
INFO:posts.tasks: Filtered pinned_posts is [] (2017-01-16 10:03:27; tasks.py:129)
INFO:posts.tasks: Got votes [{'post_id': 1, 'user_id': 1, 'is_positive': True}, {'post_id': 1, 'user_id': 2, 'is_positive': True}] (2017-01-16 10:03:27; tasks.py:136)
INFO:posts.tasks: Got post voters: [2] (2017-01-16 10:03:27; tasks.py:169)
INFO:posts.tasks: Got post downvoters: [] (2017-01-16 10:03:27; tasks.py:171)
INFO:posts.tasks: _get_post_for_users_push_list result is {'pinned': {}, 'downvote': {}, 'owner': {1: {1}}, 'upvote': {1: {2}}} (2017-01-16 10:03:27; tasks.py:189)
INFO:posts.tasks: Sending expired PUSH to {'pinned': {}, 'downvote': {}, 'owner': {1: {1}}, 'upvote': {1: {2}}} (2017-01-16 10:03:27; tasks.py:207)
INFO:posts.tasks: Sending expired push owner 1 {1} (2017-01-16 10:03:27; tasks.py:213)
INFO:posts.tasks: Ending soon PUSH message candidates 1: {1} (2017-01-16 10:03:27; tasks.py:43)
INFO:posts.tasks: Send ending soon PUSH message to 1: [] (2017-01-16 10:03:27; tasks.py:46)
INFO:posts.tasks: Creating notifications for 1, [], notify_type is 3 (2017-01-16 10:03:27; tasks.py:74)
INFO:posts.tasks: Created notifications for 1, [] (2017-01-16 10:03:27; tasks.py:81)
INFO:posts.tasks: Set up ending soon markers for 1 [] (2017-01-16 10:03:27; tasks.py:85)
INFO:posts.tasks: Sending expired push upvote 1 {2} (2017-01-16 10:03:27; tasks.py:213)
INFO:posts.tasks: Ending soon PUSH message candidates 1: {2} (2017-01-16 10:03:27; tasks.py:43)
INFO:posts.tasks: Send ending soon PUSH message to 1: [] (2017-01-16 10:03:27; tasks.py:46)
INFO:posts.tasks: Creating notifications for 1, [], notify_type is 5 (2017-01-16 10:03:27; tasks.py:74)
INFO:posts.tasks: Created notifications for 1, [] (2017-01-16 10:03:27; tasks.py:81)
INFO:posts.tasks: Set up ending soon markers for 1 [] (2017-01-16 10:03:27; tasks.py:85)
INFO:posts.tasks: Got ready for removal posts: [{'post_id': 1, 'user_id': 1}] (2017-01-16 10:04:27; tasks.py:102)
INFO:posts.tasks: Got own_user_ids: {1} (2017-01-16 10:04:27; tasks.py:108)
INFO:posts.tasks: Got pinned_posts [{'post_id': 1, 'user_id': 1}, {'post_id': 1, 'user_id': 1}, {'post_id': 1, 'user_id': 1}] (2017-01-16 10:04:27; tasks.py:113)
INFO:posts.tasks: Filtered pinned_posts is [] (2017-01-16 10:04:27; tasks.py:129)
INFO:posts.tasks: Got votes [{'post_id': 1, 'user_id': 1, 'is_positive': True}, {'post_id': 1, 'user_id': 2, 'is_positive': True}] (2017-01-16 10:04:27; tasks.py:136)
INFO:posts.tasks: Got post voters: [2] (2017-01-16 10:04:27; tasks.py:169)
INFO:posts.tasks: Got post downvoters: [] (2017-01-16 10:04:27; tasks.py:171)
INFO:posts.tasks: _get_post_for_users_push_list result is {'pinned': {}, 'downvote': {}, 'owner': {1: {1}}, 'upvote': {1: {2}}} (2017-01-16 10:04:27; tasks.py:189)
INFO:posts.tasks: Sending expired PUSH to {'pinned': {}, 'downvote': {}, 'owner': {1: {1}}, 'upvote': {1: {2}}} (2017-01-16 10:04:27; tasks.py:207)
INFO:posts.tasks: Sending expired push owner 1 {1} (2017-01-16 10:04:27; tasks.py:213)
INFO:posts.tasks: Ending soon PUSH message candidates 1: {1} (2017-01-16 10:04:27; tasks.py:43)
INFO:posts.tasks: Send ending soon PUSH message to 1: [] (2017-01-16 10:04:27; tasks.py:46)
INFO:posts.tasks: Creating notifications for 1, [], notify_type is 3 (2017-01-16 10:04:27; tasks.py:74)
INFO:posts.tasks: Created notifications for 1, [] (2017-01-16 10:04:27; tasks.py:81)
INFO:posts.tasks: Set up ending soon markers for 1 [] (2017-01-16 10:04:27; tasks.py:85)
INFO:posts.tasks: Sending expired push upvote 1 {2} (2017-01-16 10:04:27; tasks.py:213)
INFO:posts.tasks: Ending soon PUSH message candidates 1: {2} (2017-01-16 10:04:27; tasks.py:43)
INFO:posts.tasks: Send ending soon PUSH message to 1: [] (2017-01-16 10:04:27; tasks.py:46)
INFO:posts.tasks: Creating notifications for 1, [], notify_type is 5 (2017-01-16 10:04:27; tasks.py:74)
INFO:posts.tasks: Created notifications for 1, [] (2017-01-16 10:04:27; tasks.py:81)
INFO:posts.tasks: Set up ending soon markers for 1 [] (2017-01-16 10:04:27; tasks.py:85)
INFO:posts.tasks: Got ready for removal posts: [{'post_id': 1, 'user_id': 1}] (2017-01-16 10:05:27; tasks.py:102)
INFO:posts.tasks: Got own_user_ids: {1} (2017-01-16 10:05:27; tasks.py:108)
INFO:posts.tasks: Got pinned_posts [{'post_id': 1, 'user_id': 1}, {'post_id': 1, 'user_id': 1}, {'post_id': 1, 'user_id': 1}] (2017-01-16 10:05:27; tasks.py:113)
INFO:posts.tasks: Filtered pinned_posts is [] (2017-01-16 10:05:27; tasks.py:129)
INFO:posts.tasks: Got votes [{'post_id': 1, 'user_id': 1, 'is_positive': True}, {'post_id': 1, 'user_id': 2, 'is_positive': True}] (2017-01-16 10:05:27; tasks.py:136)
INFO:posts.tasks: Got post voters: [2] (2017-01-16 10:05:27; tasks.py:169)
INFO:posts.tasks: Got post downvoters: [] (2017-01-16 10:05:27; tasks.py:171)
INFO:posts.tasks: _get_post_for_users_push_list result is {'pinned': {}, 'downvote': {}, 'owner': {1: {1}}, 'upvote': {1: {2}}} (2017-01-16 10:05:27; tasks.py:189)
INFO:posts.tasks: Sending expired PUSH to {'pinned': {}, 'downvote': {}, 'owner': {1: {1}}, 'upvote': {1: {2}}} (2017-01-16 10:05:27; tasks.py:207)
INFO:posts.tasks: Sending expired push owner 1 {1} (2017-01-16 10:05:27; tasks.py:213)
INFO:posts.tasks: Ending soon PUSH message candidates 1: {1} (2017-01-16 10:05:27; tasks.py:43)
INFO:posts.tasks: Send ending soon PUSH message to 1: [] (2017-01-16 10:05:27; tasks.py:46)
INFO:posts.tasks: Creating notifications for 1, [], notify_type is 3 (2017-01-16 10:05:27; tasks.py:74)
INFO:posts.tasks: Created notifications for 1, [] (2017-01-16 10:05:27; tasks.py:81)
INFO:posts.tasks: Set up ending soon markers for 1 [] (2017-01-16 10:05:27; tasks.py:85)
INFO:posts.tasks: Sending expired push upvote 1 {2} (2017-01-16 10:05:27; tasks.py:213)
INFO:posts.tasks: Ending soon PUSH message candidates 1: {2} (2017-01-16 10:05:27; tasks.py:43)
INFO:posts.tasks: Send ending soon PUSH message to 1: [] (2017-01-16 10:05:27; tasks.py:46)
INFO:posts.tasks: Creating notifications for 1, [], notify_type is 5 (2017-01-16 10:05:27; tasks.py:74)
INFO:posts.tasks: Created notifications for 1, [] (2017-01-16 10:05:27; tasks.py:81)
INFO:posts.tasks: Set up ending soon markers for 1 [] (2017-01-16 10:05:27; tasks.py:85)
INFO:posts.tasks: Got ready for removal posts: [{'post_id': 1, 'user_id': 1}] (2017-01-16 10:06:27; tasks.py:102)
INFO:posts.tasks: Got own_user_ids: {1} (2017-01-16 10:06:27; tasks.py:108)
INFO:posts.tasks: Got pinned_posts [{'post_id': 1, 'user_id': 1}, {'post_id': 1, 'user_id': 1}, {'post_id': 1, 'user_id': 1}] (2017-01-16 10:06:27; tasks.py:113)
INFO:posts.tasks: Filtered pinned_posts is [] (2017-01-16 10:06:27; tasks.py:129)
INFO:posts.tasks: Got votes [{'post_id': 1, 'user_id': 1, 'is_positive': True}, {'post_id': 1, 'user_id': 2, 'is_positive': True}] (2017-01-16 10:06:27; tasks.py:136)
INFO:posts.tasks: Got post voters: [2] (2017-01-16 10:06:27; tasks.py:169)
INFO:posts.tasks: Got post downvoters: [] (2017-01-16 10:06:27; tasks.py:171)
INFO:posts.tasks: _get_post_for_users_push_list result is {'pinned': {}, 'downvote': {}, 'owner': {1: {1}}, 'upvote': {1: {2}}} (2017-01-16 10:06:27; tasks.py:189)
INFO:posts.tasks: Sending expired PUSH to {'pinned': {}, 'downvote': {}, 'owner': {1: {1}}, 'upvote': {1: {2}}} (2017-01-16 10:06:27; tasks.py:207)
INFO:posts.tasks: Sending expired push owner 1 {1} (2017-01-16 10:06:27; tasks.py:213)
INFO:posts.tasks: Ending soon PUSH message candidates 1: {1} (2017-01-16 10:06:27; tasks.py:43)
INFO:posts.tasks: Send ending soon PUSH message to 1: [] (2017-01-16 10:06:27; tasks.py:46)
INFO:posts.tasks: Creating notifications for 1, [], notify_type is 3 (2017-01-16 10:06:27; tasks.py:74)
INFO:posts.tasks: Created notifications for 1, [] (2017-01-16 10:06:27; tasks.py:81)
INFO:posts.tasks: Set up ending soon markers for 1 [] (2017-01-16 10:06:27; tasks.py:85)
INFO:posts.tasks: Sending expired push upvote 1 {2} (2017-01-16 10:06:27; tasks.py:213)
INFO:posts.tasks: Ending soon PUSH message candidates 1: {2} (2017-01-16 10:06:27; tasks.py:43)
INFO:posts.tasks: Send ending soon PUSH message to 1: [] (2017-01-16 10:06:27; tasks.py:46)
INFO:posts.tasks: Creating notifications for 1, [], notify_type is 5 (2017-01-16 10:06:27; tasks.py:74)
INFO:posts.tasks: Created notifications for 1, [] (2017-01-16 10:06:27; tasks.py:81)
INFO:posts.tasks: Set up ending soon markers for 1 [] (2017-01-16 10:06:27; tasks.py:85)
INFO:posts.tasks: Got ready for removal posts: [{'post_id': 1, 'user_id': 1}] (2017-01-16 10:07:27; tasks.py:102)
INFO:posts.tasks: Got own_user_ids: {1} (2017-01-16 10:07:27; tasks.py:108)
INFO:posts.tasks: Got pinned_posts [{'post_id': 1, 'user_id': 1}, {'post_id': 1, 'user_id': 1}, {'post_id': 1, 'user_id': 1}] (2017-01-16 10:07:27; tasks.py:113)
INFO:posts.tasks: Filtered pinned_posts is [] (2017-01-16 10:07:27; tasks.py:129)
INFO:posts.tasks: Got votes [{'post_id': 1, 'user_id': 1, 'is_positive': True}, {'post_id': 1, 'user_id': 2, 'is_positive': True}] (2017-01-16 10:07:27; tasks.py:136)
INFO:posts.tasks: Got post voters: [2] (2017-01-16 10:07:27; tasks.py:169)
INFO:posts.tasks: Got post downvoters: [] (2017-01-16 10:07:27; tasks.py:171)
INFO:posts.tasks: _get_post_for_users_push_list result is {'pinned': {}, 'downvote': {}, 'owner': {1: {1}}, 'upvote': {1: {2}}} (2017-01-16 10:07:27; tasks.py:189)
INFO:posts.tasks: Sending expired PUSH to {'pinned': {}, 'downvote': {}, 'owner': {1: {1}}, 'upvote': {1: {2}}} (2017-01-16 10:07:27; tasks.py:207)
INFO:posts.tasks: Sending expired push owner 1 {1} (2017-01-16 10:07:27; tasks.py:213)
INFO:posts.tasks: Ending soon PUSH message candidates 1: {1} (2017-01-16 10:07:27; tasks.py:43)
INFO:posts.tasks: Send ending soon PUSH message to 1: [] (2017-01-16 10:07:27; tasks.py:46)
INFO:posts.tasks: Creating notifications for 1, [], notify_type is 3 (2017-01-16 10:07:27; tasks.py:74)
INFO:posts.tasks: Created notifications for 1, [] (2017-01-16 10:07:27; tasks.py:81)
INFO:posts.tasks: Set up ending soon markers for 1 [] (2017-01-16 10:07:27; tasks.py:85)
INFO:posts.tasks: Sending expired push upvote 1 {2} (2017-01-16 10:07:27; tasks.py:213)
INFO:posts.tasks: Ending soon PUSH message candidates 1: {2} (2017-01-16 10:07:27; tasks.py:43)
INFO:posts.tasks: Send ending soon PUSH message to 1: [] (2017-01-16 10:07:27; tasks.py:46)
INFO:posts.tasks: Creating notifications for 1, [], notify_type is 5 (2017-01-16 10:07:27; tasks.py:74)
INFO:posts.tasks: Created notifications for 1, [] (2017-01-16 10:07:27; tasks.py:81)
INFO:posts.tasks: Set up ending soon markers for 1 [] (2017-01-16 10:07:27; tasks.py:85)
INFO:posts.tasks: Got ready for removal posts: [{'post_id': 1, 'user_id': 1}] (2017-01-16 10:08:27; tasks.py:102)
INFO:posts.tasks: Got own_user_ids: {1} (2017-01-16 10:08:27; tasks.py:108)
INFO:posts.tasks: Got pinned_posts [{'post_id': 1, 'user_id': 1}, {'post_id': 1, 'user_id': 1}, {'post_id': 1, 'user_id': 1}] (2017-01-16 10:08:27; tasks.py:113)
INFO:posts.tasks: Filtered pinned_posts is [] (2017-01-16 10:08:27; tasks.py:129)
INFO:posts.tasks: Got votes [{'post_id': 1, 'user_id': 1, 'is_positive': True}, {'post_id': 1, 'user_id': 2, 'is_positive': True}] (2017-01-16 10:08:27; tasks.py:136)
INFO:posts.tasks: Got post voters: [2] (2017-01-16 10:08:27; tasks.py:169)
INFO:posts.tasks: Got post downvoters: [] (2017-01-16 10:08:27; tasks.py:171)
INFO:posts.tasks: _get_post_for_users_push_list result is {'pinned': {}, 'downvote': {}, 'owner': {1: {1}}, 'upvote': {1: {2}}} (2017-01-16 10:08:27; tasks.py:189)
INFO:posts.tasks: Sending expired PUSH to {'pinned': {}, 'downvote': {}, 'owner': {1: {1}}, 'upvote': {1: {2}}} (2017-01-16 10:08:27; tasks.py:207)
INFO:posts.tasks: Sending expired push owner 1 {1} (2017-01-16 10:08:27; tasks.py:213)
INFO:posts.tasks: Ending soon PUSH message candidates 1: {1} (2017-01-16 10:08:27; tasks.py:43)
INFO:posts.tasks: Send ending soon PUSH message to 1: [] (2017-01-16 10:08:27; tasks.py:46)
INFO:posts.tasks: Creating notifications for 1, [], notify_type is 3 (2017-01-16 10:08:27; tasks.py:74)
INFO:posts.tasks: Created notifications for 1, [] (2017-01-16 10:08:27; tasks.py:81)
INFO:posts.tasks: Set up ending soon markers for 1 [] (2017-01-16 10:08:27; tasks.py:85)
INFO:posts.tasks: Sending expired push upvote 1 {2} (2017-01-16 10:08:27; tasks.py:213)
INFO:posts.tasks: Ending soon PUSH message candidates 1: {2} (2017-01-16 10:08:27; tasks.py:43)
INFO:posts.tasks: Send ending soon PUSH message to 1: [] (2017-01-16 10:08:27; tasks.py:46)
INFO:posts.tasks: Creating notifications for 1, [], notify_type is 5 (2017-01-16 10:08:27; tasks.py:74)
INFO:posts.tasks: Created notifications for 1, [] (2017-01-16 10:08:27; tasks.py:81)
INFO:posts.tasks: Set up ending soon markers for 1 [] (2017-01-16 10:08:27; tasks.py:85)
INFO:posts.tasks: Got ready for removal posts: [{'post_id': 1, 'user_id': 1}] (2017-01-16 10:09:27; tasks.py:102)
INFO:posts.tasks: Got own_user_ids: {1} (2017-01-16 10:09:27; tasks.py:108)
INFO:posts.tasks: Got pinned_posts [{'post_id': 1, 'user_id': 1}, {'post_id': 1, 'user_id': 1}, {'post_id': 1, 'user_id': 1}] (2017-01-16 10:09:27; tasks.py:113)
INFO:posts.tasks: Filtered pinned_posts is [] (2017-01-16 10:09:27; tasks.py:129)
INFO:posts.tasks: Got votes [{'post_id': 1, 'user_id': 1, 'is_positive': True}, {'post_id': 1, 'user_id': 2, 'is_positive': True}] (2017-01-16 10:09:27; tasks.py:136)
INFO:posts.tasks: Got post voters: [2] (2017-01-16 10:09:27; tasks.py:169)
INFO:posts.tasks: Got post downvoters: [] (2017-01-16 10:09:27; tasks.py:171)
INFO:posts.tasks: _get_post_for_users_push_list result is {'pinned': {}, 'downvote': {}, 'owner': {1: {1}}, 'upvote': {1: {2}}} (2017-01-16 10:09:27; tasks.py:189)
INFO:posts.tasks: Sending expired PUSH to {'pinned': {}, 'downvote': {}, 'owner': {1: {1}}, 'upvote': {1: {2}}} (2017-01-16 10:09:27; tasks.py:207)
INFO:posts.tasks: Sending expired push owner 1 {1} (2017-01-16 10:09:27; tasks.py:213)
INFO:posts.tasks: Ending soon PUSH message candidates 1: {1} (2017-01-16 10:09:27; tasks.py:43)
INFO:posts.tasks: Send ending soon PUSH message to 1: [] (2017-01-16 10:09:27; tasks.py:46)
INFO:posts.tasks: Creating notifications for 1, [], notify_type is 3 (2017-01-16 10:09:27; tasks.py:74)
INFO:posts.tasks: Created notifications for 1, [] (2017-01-16 10:09:27; tasks.py:81)
INFO:posts.tasks: Set up ending soon markers for 1 [] (2017-01-16 10:09:27; tasks.py:85)
INFO:posts.tasks: Sending expired push upvote 1 {2} (2017-01-16 10:09:27; tasks.py:213)
INFO:posts.tasks: Ending soon PUSH message candidates 1: {2} (2017-01-16 10:09:27; tasks.py:43)
INFO:posts.tasks: Send ending soon PUSH message to 1: [] (2017-01-16 10:09:27; tasks.py:46)
INFO:posts.tasks: Creating notifications for 1, [], notify_type is 5 (2017-01-16 10:09:27; tasks.py:74)
INFO:posts.tasks: Created notifications for 1, [] (2017-01-16 10:09:27; tasks.py:81)
INFO:posts.tasks: Set up ending soon markers for 1 [] (2017-01-16 10:09:27; tasks.py:85)
INFO:posts.tasks: Remove 1 expired posts (2017-01-16 10:10:46; tasks.py:33)
INFO:posts.tasks: Delete 1 (2017-01-16 10:10:46; tasks.py:36)
INFO:notifications.models: Send push message: type=8, user=2, text=@admin shared a tag., payload={'userId': 1, 'tagId': '{pk}'} (2017-01-16 14:12:51; models.py:203)
INFO:notifications.models: Send push message: type=0, user=2, text=@admin started following you., payload={'userId': 1} (2017-01-16 14:12:51; models.py:203)
INFO:notifications.models: Send push message: type=8, user=2, text=@admin shared a tag., payload={'userId': 1, 'tagId': '{pk}'} (2017-01-16 14:12:51; models.py:203)
INFO:notifications.models: Send push message: type=8, user=2, text=@admin shared a tag., payload={'userId': 1, 'tagId': '{pk}'} (2017-01-16 14:12:51; models.py:203)
INFO:posts.tasks: Got ready for removal posts: [{'post_id': 2, 'user_id': 2}] (2017-01-16 15:56:41; tasks.py:102)
INFO:posts.tasks: Got own_user_ids: {2} (2017-01-16 15:56:41; tasks.py:108)
INFO:posts.tasks: Got pinned_posts [] (2017-01-16 15:56:41; tasks.py:113)
INFO:posts.tasks: Filtered pinned_posts is [] (2017-01-16 15:56:41; tasks.py:129)
INFO:posts.tasks: Got votes [] (2017-01-16 15:56:41; tasks.py:136)
INFO:posts.tasks: Got post voters: [] (2017-01-16 15:56:41; tasks.py:169)
INFO:posts.tasks: Got post downvoters: [] (2017-01-16 15:56:41; tasks.py:171)
INFO:posts.tasks: _get_post_for_users_push_list result is {'pinned': {}, 'downvote': {}, 'owner': {2: {2}}, 'upvote': {}} (2017-01-16 15:56:41; tasks.py:189)
INFO:posts.tasks: Sending expired PUSH to {'pinned': {}, 'downvote': {}, 'owner': {2: {2}}, 'upvote': {}} (2017-01-16 15:56:41; tasks.py:207)
INFO:posts.tasks: Sending expired push owner 2 {2} (2017-01-16 15:56:41; tasks.py:213)
INFO:posts.tasks: Ending soon PUSH message candidates 2: {2} (2017-01-16 15:56:41; tasks.py:43)
INFO:posts.tasks: Send ending soon PUSH message to 2: [2] (2017-01-16 15:56:41; tasks.py:46)
INFO:posts.tasks: Creating notifications for 2, [2], notify_type is 3 (2017-01-16 15:56:41; tasks.py:74)
INFO:posts.tasks: Created notifications for 2, [2] (2017-01-16 15:56:41; tasks.py:81)
INFO:posts.tasks: Set up ending soon markers for 2 [2] (2017-01-16 15:56:41; tasks.py:85)
INFO:posts.tasks: Got ready for removal posts: [{'post_id': 2, 'user_id': 2}] (2017-01-16 15:57:41; tasks.py:102)
INFO:posts.tasks: Got own_user_ids: {2} (2017-01-16 15:57:41; tasks.py:108)
INFO:posts.tasks: Got pinned_posts [] (2017-01-16 15:57:41; tasks.py:113)
INFO:posts.tasks: Filtered pinned_posts is [] (2017-01-16 15:57:42; tasks.py:129)
INFO:posts.tasks: Got votes [] (2017-01-16 15:57:42; tasks.py:136)
INFO:posts.tasks: Got post voters: [] (2017-01-16 15:57:42; tasks.py:169)
INFO:posts.tasks: Got post downvoters: [] (2017-01-16 15:57:42; tasks.py:171)
INFO:posts.tasks: _get_post_for_users_push_list result is {'pinned': {}, 'downvote': {}, 'owner': {2: {2}}, 'upvote': {}} (2017-01-16 15:57:42; tasks.py:189)
INFO:posts.tasks: Sending expired PUSH to {'pinned': {}, 'downvote': {}, 'owner': {2: {2}}, 'upvote': {}} (2017-01-16 15:57:42; tasks.py:207)
INFO:posts.tasks: Sending expired push owner 2 {2} (2017-01-16 15:57:42; tasks.py:213)
INFO:posts.tasks: Ending soon PUSH message candidates 2: {2} (2017-01-16 15:57:42; tasks.py:43)
INFO:posts.tasks: Send ending soon PUSH message to 2: [] (2017-01-16 15:57:42; tasks.py:46)
INFO:posts.tasks: Creating notifications for 2, [], notify_type is 3 (2017-01-16 15:57:42; tasks.py:74)
INFO:posts.tasks: Created notifications for 2, [] (2017-01-16 15:57:42; tasks.py:81)
INFO:posts.tasks: Set up ending soon markers for 2 [] (2017-01-16 15:57:42; tasks.py:85)
INFO:posts.tasks: Got ready for removal posts: [{'post_id': 2, 'user_id': 2}] (2017-01-16 15:58:42; tasks.py:102)
INFO:posts.tasks: Got own_user_ids: {2} (2017-01-16 15:58:42; tasks.py:108)
INFO:posts.tasks: Got pinned_posts [] (2017-01-16 15:58:42; tasks.py:113)
INFO:posts.tasks: Filtered pinned_posts is [] (2017-01-16 15:58:42; tasks.py:129)
INFO:posts.tasks: Got votes [] (2017-01-16 15:58:42; tasks.py:136)
INFO:posts.tasks: Got post voters: [] (2017-01-16 15:58:42; tasks.py:169)
INFO:posts.tasks: Got post downvoters: [] (2017-01-16 15:58:42; tasks.py:171)
INFO:posts.tasks: _get_post_for_users_push_list result is {'pinned': {}, 'downvote': {}, 'owner': {2: {2}}, 'upvote': {}} (2017-01-16 15:58:42; tasks.py:189)
INFO:posts.tasks: Sending expired PUSH to {'pinned': {}, 'downvote': {}, 'owner': {2: {2}}, 'upvote': {}} (2017-01-16 15:58:42; tasks.py:207)
INFO:posts.tasks: Sending expired push owner 2 {2} (2017-01-16 15:58:42; tasks.py:213)
INFO:posts.tasks: Ending soon PUSH message candidates 2: {2} (2017-01-16 15:58:42; tasks.py:43)
INFO:posts.tasks: Send ending soon PUSH message to 2: [] (2017-01-16 15:58:42; tasks.py:46)
INFO:posts.tasks: Creating notifications for 2, [], notify_type is 3 (2017-01-16 15:58:42; tasks.py:74)
INFO:posts.tasks: Created notifications for 2, [] (2017-01-16 15:58:42; tasks.py:81)
INFO:posts.tasks: Set up ending soon markers for 2 [] (2017-01-16 15:58:42; tasks.py:85)
INFO:posts.tasks: Got ready for removal posts: [{'post_id': 2, 'user_id': 2}] (2017-01-16 15:59:42; tasks.py:102)
INFO:posts.tasks: Got own_user_ids: {2} (2017-01-16 15:59:42; tasks.py:108)
INFO:posts.tasks: Got pinned_posts [] (2017-01-16 15:59:42; tasks.py:113)
INFO:posts.tasks: Filtered pinned_posts is [] (2017-01-16 15:59:42; tasks.py:129)
INFO:posts.tasks: Got votes [] (2017-01-16 15:59:42; tasks.py:136)
INFO:posts.tasks: Got post voters: [] (2017-01-16 15:59:42; tasks.py:169)
INFO:posts.tasks: Got post downvoters: [] (2017-01-16 15:59:42; tasks.py:171)
INFO:posts.tasks: _get_post_for_users_push_list result is {'pinned': {}, 'downvote': {}, 'owner': {2: {2}}, 'upvote': {}} (2017-01-16 15:59:42; tasks.py:189)
INFO:posts.tasks: Sending expired PUSH to {'pinned': {}, 'downvote': {}, 'owner': {2: {2}}, 'upvote': {}} (2017-01-16 15:59:42; tasks.py:207)
INFO:posts.tasks: Sending expired push owner 2 {2} (2017-01-16 15:59:42; tasks.py:213)
INFO:posts.tasks: Ending soon PUSH message candidates 2: {2} (2017-01-16 15:59:42; tasks.py:43)
INFO:posts.tasks: Send ending soon PUSH message to 2: [] (2017-01-16 15:59:42; tasks.py:46)
INFO:posts.tasks: Creating notifications for 2, [], notify_type is 3 (2017-01-16 15:59:42; tasks.py:74)
INFO:posts.tasks: Created notifications for 2, [] (2017-01-16 15:59:42; tasks.py:81)
INFO:posts.tasks: Set up ending soon markers for 2 [] (2017-01-16 15:59:42; tasks.py:85)
INFO:posts.tasks: Got ready for removal posts: [{'post_id': 2, 'user_id': 2}] (2017-01-16 16:00:42; tasks.py:102)
INFO:posts.tasks: Got own_user_ids: {2} (2017-01-16 16:00:42; tasks.py:108)
INFO:posts.tasks: Got pinned_posts [] (2017-01-16 16:00:42; tasks.py:113)
INFO:posts.tasks: Filtered pinned_posts is [] (2017-01-16 16:00:42; tasks.py:129)
INFO:posts.tasks: Got votes [] (2017-01-16 16:00:42; tasks.py:136)
INFO:posts.tasks: Got post voters: [] (2017-01-16 16:00:42; tasks.py:169)
INFO:posts.tasks: Got post downvoters: [] (2017-01-16 16:00:42; tasks.py:171)
INFO:posts.tasks: _get_post_for_users_push_list result is {'pinned': {}, 'downvote': {}, 'owner': {2: {2}}, 'upvote': {}} (2017-01-16 16:00:42; tasks.py:189)
INFO:posts.tasks: Sending expired PUSH to {'pinned': {}, 'downvote': {}, 'owner': {2: {2}}, 'upvote': {}} (2017-01-16 16:00:42; tasks.py:207)
INFO:posts.tasks: Sending expired push owner 2 {2} (2017-01-16 16:00:42; tasks.py:213)
INFO:posts.tasks: Ending soon PUSH message candidates 2: {2} (2017-01-16 16:00:42; tasks.py:43)
INFO:posts.tasks: Send ending soon PUSH message to 2: [] (2017-01-16 16:00:42; tasks.py:46)
INFO:posts.tasks: Creating notifications for 2, [], notify_type is 3 (2017-01-16 16:00:42; tasks.py:74)
INFO:posts.tasks: Created notifications for 2, [] (2017-01-16 16:00:42; tasks.py:81)
INFO:posts.tasks: Set up ending soon markers for 2 [] (2017-01-16 16:00:42; tasks.py:85)
INFO:posts.tasks: Got ready for removal posts: [{'post_id': 2, 'user_id': 2}] (2017-01-16 16:01:42; tasks.py:102)
INFO:posts.tasks: Got own_user_ids: {2} (2017-01-16 16:01:42; tasks.py:108)
INFO:posts.tasks: Got pinned_posts [] (2017-01-16 16:01:42; tasks.py:113)
INFO:posts.tasks: Filtered pinned_posts is [] (2017-01-16 16:01:42; tasks.py:129)
INFO:posts.tasks: Got votes [] (2017-01-16 16:01:42; tasks.py:136)
INFO:posts.tasks: Got post voters: [] (2017-01-16 16:01:42; tasks.py:169)
INFO:posts.tasks: Got post downvoters: [] (2017-01-16 16:01:42; tasks.py:171)
INFO:posts.tasks: _get_post_for_users_push_list result is {'pinned': {}, 'downvote': {}, 'owner': {2: {2}}, 'upvote': {}} (2017-01-16 16:01:42; tasks.py:189)
INFO:posts.tasks: Sending expired PUSH to {'pinned': {}, 'downvote': {}, 'owner': {2: {2}}, 'upvote': {}} (2017-01-16 16:01:42; tasks.py:207)
INFO:posts.tasks: Sending expired push owner 2 {2} (2017-01-16 16:01:42; tasks.py:213)
INFO:posts.tasks: Ending soon PUSH message candidates 2: {2} (2017-01-16 16:01:42; tasks.py:43)
INFO:posts.tasks: Send ending soon PUSH message to 2: [] (2017-01-16 16:01:42; tasks.py:46)
INFO:posts.tasks: Creating notifications for 2, [], notify_type is 3 (2017-01-16 16:01:42; tasks.py:74)
INFO:posts.tasks: Created notifications for 2, [] (2017-01-16 16:01:42; tasks.py:81)
INFO:posts.tasks: Set up ending soon markers for 2 [] (2017-01-16 16:01:42; tasks.py:85)
INFO:smsconfirmation.models: Confirmation request for +256782956743 was not found (2018-02-16 15:45:55; models.py:63)
INFO:smsconfirmation.models: Confirmation request for +256782956743 was not found (2018-02-17 09:21:54; models.py:63)
INFO:notifications.models: Send push message: type=9, user=5, text=@sharma commented: regards., payload={'postId': 1, 'userId': 3, 'commentId': 1} (2018-02-18 09:55:54; models.py:203)
INFO:notifications.models: Send push message: type=9, user=5, text=@mugabi commented: great,great, great, great, great., payload={'postId': 1, 'userId': 1, 'commentId': 2} (2018-02-18 09:56:29; models.py:203)
INFO:notifications.models: Send follow request push message for id = 5, follower = 2 (2018-02-18 09:59:08; models.py:39)
INFO:notifications.models: Send follow request push message for id = 5, follower = 4 (2018-02-24 17:30:37; models.py:39)
INFO:smsconfirmation.models: Confirmation request for +256781481208 was not found (2018-03-20 00:19:55; models.py:63)
INFO:notifications.models: Send push message: type=9, user=5, text=@mugabi commented: good., payload={'postId': 1, 'userId': 1, 'commentId': 3, 'parentId': 1} (2018-03-20 11:19:26; models.py:230)
INFO:smsconfirmation.models: Confirmation request for <built-in function id> was not found (2018-03-25 11:07:11; models.py:63)
INFO:smsconfirmation.models: Confirmation request for <built-in function id> was not found (2018-03-25 11:08:54; models.py:63)
