celery beat v3.1.23 (Cipater) is starting.
__    -    ... __   -        _
Configuration ->
    . broker -> redis://localhost:6379/1
    . loader -> celery.loaders.app.AppLoader
    . scheduler -> celery.beat.PersistentScheduler
    . db -> /var/celery-beat.db
    . logfile -> [stderr]@%INFO
    . maxinterval -> now (0s)
celery beat v3.1.23 (Cipater) is starting.
__    -    ... __   -        _
Configuration ->
    . broker -> redis://localhost:6379/1
    . loader -> celery.loaders.app.AppLoader
    . scheduler -> celery.beat.PersistentScheduler
    . db -> /var/celery-beat.db
    . logfile -> [stderr]@%INFO
    . maxinterval -> now (0s)
celery beat v3.1.23 (Cipater) is starting.
__    -    ... __   -        _
Configuration ->
    . broker -> redis://localhost:6379/1
    . loader -> celery.loaders.app.AppLoader
    . scheduler -> celery.beat.PersistentScheduler
    . db -> /var/celery-beat.db
    . logfile -> [stderr]@%INFO
    . maxinterval -> now (0s)
celery beat v3.1.23 (Cipater) is starting.
__    -    ... __   -        _
Configuration ->
    . broker -> redis://localhost:6379/1
    . loader -> celery.loaders.app.AppLoader
    . scheduler -> celery.beat.PersistentScheduler
    . db -> /var/celery-beat.db
    . logfile -> [stderr]@%INFO
    . maxinterval -> now (0s)
celery beat v3.1.23 (Cipater) is starting.
__    -    ... __   -        _
Configuration ->
    . broker -> redis://localhost:6379/1
    . loader -> celery.loaders.app.AppLoader
    . scheduler -> celery.beat.PersistentScheduler
    . db -> /var/celery-beat.db
    . logfile -> [stderr]@%INFO
    . maxinterval -> now (0s)
celery beat v3.1.23 (Cipater) is starting.
__    -    ... __   -        _
Configuration ->
    . broker -> redis://localhost:6379/1
    . loader -> celery.loaders.app.AppLoader
    . scheduler -> celery.beat.PersistentScheduler
    . db -> /var/celery-beat.db
    . logfile -> [stderr]@%INFO
    . maxinterval -> now (0s)
celery beat v3.1.23 (Cipater) is starting.
__    -    ... __   -        _
Configuration ->
    . broker -> redis://localhost:6379/1
    . loader -> celery.loaders.app.AppLoader
    . scheduler -> celery.beat.PersistentScheduler
    . db -> /var/celery-beat.db
    . logfile -> [stderr]@%INFO
    . maxinterval -> now (0s)
celery beat v3.1.23 (Cipater) is starting.
__    -    ... __   -        _
Configuration ->
    . broker -> redis://localhost:6379/1
    . loader -> celery.loaders.app.AppLoader
    . scheduler -> celery.beat.PersistentScheduler
    . db -> /var/celery-beat.db
    . logfile -> [stderr]@%INFO
    . maxinterval -> now (0s)
celery beat v3.1.23 (Cipater) is starting.
__    -    ... __   -        _
Configuration ->
    . broker -> redis://localhost:6379/1
    . loader -> celery.loaders.app.AppLoader
    . scheduler -> celery.beat.PersistentScheduler
    . db -> /var/celery-beat.db
    . logfile -> [stderr]@%INFO
    . maxinterval -> now (0s)
celery beat v3.1.23 (Cipater) is starting.
__    -    ... __   -        _
Configuration ->
    . broker -> redis://localhost:6379/1
    . loader -> celery.loaders.app.AppLoader
    . scheduler -> celery.beat.PersistentScheduler
    . db -> /var/celery-beat.db
    . logfile -> [stderr]@%INFO
    . maxinterval -> now (0s)
celery beat v3.1.23 (Cipater) is starting.
__    -    ... __   -        _
Configuration ->
    . broker -> redis://localhost:6379/1
    . loader -> celery.loaders.app.AppLoader
    . scheduler -> celery.beat.PersistentScheduler
    . db -> /var/celery-beat.db
    . logfile -> [stderr]@%INFO
    . maxinterval -> now (0s)
celery beat v3.1.23 (Cipater) is starting.
__    -    ... __   -        _
Configuration ->
    . broker -> redis://localhost:6379/1
    . loader -> celery.loaders.app.AppLoader
    . scheduler -> celery.beat.PersistentScheduler
    . db -> /var/celery-beat.db
    . logfile -> [stderr]@%INFO
    . maxinterval -> now (0s)
celery beat v3.1.23 (Cipater) is starting.
__    -    ... __   -        _
Configuration ->
    . broker -> redis://localhost:6379/1
    . loader -> celery.loaders.app.AppLoader
    . scheduler -> celery.beat.PersistentScheduler
    . db -> /var/celery-beat.db
    . logfile -> [stderr]@%INFO
    . maxinterval -> now (0s)
celery beat v3.1.23 (Cipater) is starting.
__    -    ... __   -        _
Configuration ->
    . broker -> redis://localhost:6379/1
    . loader -> celery.loaders.app.AppLoader
    . scheduler -> celery.beat.PersistentScheduler
    . db -> /var/celery-beat.db
    . logfile -> [stderr]@%INFO
    . maxinterval -> now (0s)
celery beat v3.1.23 (Cipater) is starting.
__    -    ... __   -        _
Configuration ->
    . broker -> redis://localhost:6379/1
    . loader -> celery.loaders.app.AppLoader
    . scheduler -> celery.beat.PersistentScheduler
    . db -> /var/celery-beat.db
    . logfile -> [stderr]@%INFO
    . maxinterval -> now (0s)
celery beat v3.1.23 (Cipater) is starting.
__    -    ... __   -        _
Configuration ->
    . broker -> redis://localhost:6379/1
    . loader -> celery.loaders.app.AppLoader
    . scheduler -> celery.beat.PersistentScheduler
    . db -> /var/celery-beat.db
    . logfile -> [stderr]@%INFO
    . maxinterval -> now (0s)
celery beat v3.1.23 (Cipater) is starting.
__    -    ... __   -        _
Configuration ->
    . broker -> redis://localhost:6379/1
    . loader -> celery.loaders.app.AppLoader
    . scheduler -> celery.beat.PersistentScheduler
    . db -> /var/www/blast/celery-beat.db
    . logfile -> [stderr]@%INFO
    . maxinterval -> now (0s)
celery beat v3.1.23 (Cipater) is starting.
__    -    ... __   -        _
Configuration ->
    . broker -> redis://localhost:6379/1
    . loader -> celery.loaders.app.AppLoader
    . scheduler -> celery.beat.PersistentScheduler
    . db -> /var/www/blast/celery-beat.db
    . logfile -> [stderr]@%INFO
    . maxinterval -> now (0s)
celery beat v3.1.23 (Cipater) is starting.
__    -    ... __   -        _
Configuration ->
    . broker -> redis://localhost:6379/1
    . loader -> celery.loaders.app.AppLoader
    . scheduler -> celery.beat.PersistentScheduler
    . db -> /var/www/blast/celery-beat.db
    . logfile -> [stderr]@%INFO
    . maxinterval -> now (0s)
